"../../../Engine/Content/Functions/Engine_MaterialFunctions01/Opacity/CameraDepthFade.uasset" 0
"../../../Engine/Content/EngineMaterials/T_Default_Material_Grid_M.uasset" 1
"../../../Engine/Content/EngineMaterials/T_Default_Material_Grid_N.uasset" 2
"../../../Engine/Content/EngineMaterials/DefaultMaterial.uasset" 3
"../../../Engine/Content/BasicShapes/Cone.uasset" 4
"../../../Engine/Content/EngineMaterials/WorldGridMaterial.uasset" 5
"../../../Engine/Content/BasicShapes/Cube.uasset" 6
"../../../Engine/Content/BasicShapes/Cylinder.uasset" 7
"../../../Engine/Content/BasicShapes/Plane.uasset" 8
"../../../Engine/Content/BasicShapes/Sphere.uasset" 9
"../../../Engine/Content/EditorLandscapeResources/DataLayer.uasset" 10
"../../../Engine/Content/EditorMaterials/GizmoMaterial.uasset" 11
"../../../Engine/Content/EditorMaterials/MAT_Groups_Toggle.uasset" 12
"../../../Engine/Content/EditorMaterials/MAT_Groups_Visibility.uasset" 13
"../../../Engine/Content/EditorMaterials/PreviewShadowIndicator.uasset" 14
"../../../Engine/Content/EditorMaterials/PreviewShadowIndicatorMaterial.uasset" 15
"../../../Engine/Content/EditorMaterials/AssetViewer/EpicQuadPanorama_CC+EV1.uasset" 16
"../../../Engine/Content/EditorMaterials/MatineeGroups/MAT_ColorTrack.uasset" 17
"../../../Engine/Content/EditorMaterials/MatineeGroups/MAT_Groups_Anim.uasset" 18
"../../../Engine/Content/EditorMaterials/MatineeGroups/MAT_Groups_AudioMaster.uasset" 19
"../../../Engine/Content/EditorMaterials/MatineeGroups/MAT_Groups_Director.uasset" 20
"../../../Engine/Content/EditorMaterials/MatineeGroups/MAT_Groups_Event.uasset" 21
"../../../Engine/Content/EditorMaterials/MatineeGroups/MAT_Groups_Fade.uasset" 22
"../../../Engine/Content/EditorMaterials/MatineeGroups/MAT_Groups_Float.uasset" 23
"../../../Engine/Content/EditorMaterials/MatineeGroups/MAT_Groups_Move.uasset" 24
"../../../Engine/Content/EditorMaterials/MatineeGroups/MAT_Groups_Slomo.uasset" 25
"../../../Engine/Content/EditorMaterials/MatineeGroups/MAT_Groups_Sound.uasset" 26
"../../../Engine/Content/EditorMaterials/MatineeGroups/MAT_Groups_Vector.uasset" 27
"../../../Engine/Content/EditorMaterials/ParticleSystems/PSysThumbnail_NoImage.uasset" 28
"../../../Engine/Content/EditorMaterials/ParticleSystems/PSysThumbnail_OOD.uasset" 29
"../../../Engine/Content/EditorMaterials/Camera/CineMat.uasset" 30
"../../../Engine/Content/EditorMaterials/Camera/MI_CineMat_Rig.uasset" 31
"../../../Engine/Content/EditorMeshes/Camera/SM_CraneRig_Arm.uasset" 32
"../../../Engine/Content/EditorMeshes/Camera/SM_CraneRig_Base.uasset" 33
"../../../Engine/Content/EditorMeshes/Camera/SM_CraneRig_Body.uasset" 34
"../../../Engine/Content/EditorMeshes/Camera/SM_CraneRig_Mount.uasset" 35
"../../../Engine/Content/EditorMeshes/Camera/SM_RailRig_Mount.uasset" 36
"../../../Engine/Content/EditorMeshes/Camera/SM_RailRig_Track.uasset" 37
"../../../Engine/Content/EditorMeshes/ColorCalibrator/M_ChromeBall.uasset" 38
"../../../Engine/Content/EditorMeshes/ColorCalibrator/M_ClearCoat.uasset" 39
"../../../Engine/Content/EditorMeshes/ColorCalibrator/M_ClearCoatBlack.uasset" 40
"../../../Engine/Content/EditorMeshes/ColorCalibrator/T_ColorGrid.uasset" 41
"../../../Engine/Content/EditorMeshes/ColorCalibrator/M_ColorGrid.uasset" 42
"../../../Engine/Content/EditorMeshes/ColorCalibrator/M_GreyBall.uasset" 43
"../../../Engine/Content/EditorMeshes/ColorCalibrator/SM_ColorCalibrator.uasset" 44
"../../../Engine/Content/EditorResources/BSPVertex.uasset" 45
"../../../Engine/Content/EditorResources/EmptyActor.uasset" 46
"../../../Engine/Content/EditorResources/RGBTable16x1_AssetViewer.uasset" 47
"../../../Engine/Content/EditorResources/S_Actor.uasset" 48
"../../../Engine/Content/EditorResources/S_Trigger.uasset" 49
"../../../Engine/Content/EditorResources/LightIcons/S_LightError.uasset" 50
"../../../Engine/Content/EditorResources/SequenceRecorder/Countdown.uasset" 51
"../../../Engine/Content/EditorResources/SequenceRecorder/RecordingIndicator.uasset" 52
"../../../Engine/Content/EditorSounds/Notifications/CompileFailed.uasset" 53
"../../../Engine/Content/EditorSounds/Notifications/CompileFailed_Cue.uasset" 54
"../../../Engine/Content/EditorSounds/Notifications/CompileSuccess.uasset" 55
"../../../Engine/Content/EditorSounds/Notifications/CompileStart_Cue.uasset" 56
"../../../Engine/Content/EditorSounds/Notifications/CompileSuccess_Cue.uasset" 57
"../../../Engine/Content/EngineDamageTypes/DmgTypeBP_Environmental.uasset" 58
"../../../Engine/Content/EngineDebugMaterials/HeatmapGradient.uasset" 59
"../../../Engine/Content/EngineDebugMaterials/BoneWeightMaterial.uasset" 60
"../../../Engine/Content/EngineDebugMaterials/DebugMeshMaterial.uasset" 61
"../../../Engine/Content/EngineDebugMaterials/GeomMaterial.uasset" 62
"../../../Engine/Content/EngineFonts/Faces/RobotoBold.uasset" 63
"../../../Engine/Content/EngineFonts/Faces/RobotoBoldItalic.uasset" 64
"../../../Engine/Content/EngineFonts/Faces/RobotoItalic.uasset" 65
"../../../Engine/Content/EngineFonts/Faces/RobotoLight.uasset" 66
"../../../Engine/Content/EngineFonts/Faces/RobotoRegular.uasset" 67
"../../../Engine/Content/EngineFonts/Roboto.uasset" 68
"../../../Engine/Content/EngineFonts/Faces/RobotoTiny.uasset" 69
"../../../Engine/Content/EngineFonts/RobotoTiny.uasset" 70
"../../../Engine/Content/EngineMaterials/DefaultBokeh.uasset" 71
"../../../Engine/Content/EngineMaterials/DefaultDiffuse.uasset" 72
"../../../Engine/Content/EngineMaterials/DefaultDeferredDecalMaterial.uasset" 73
"../../../Engine/Content/EngineMaterials/DefaultLightFunctionMaterial.uasset" 74
"../../../Engine/Content/EngineMaterials/DefaultPhysicalMaterial.uasset" 75
"../../../Engine/Content/Functions/Engine_MaterialFunctions02/Utility/BreakOutFloat2Components.uasset" 76
"../../../Engine/Content/EngineMaterials/DefaultPostProcessMaterial.uasset" 77
"../../../Engine/Content/EngineFonts/RobotoDistanceField.uasset" 78
"../../../Engine/Content/EngineMaterials/DefaultTextMaterialOpaque.uasset" 79
"../../../Engine/Content/EngineMaterials/DefaultWhiteGrid.uasset" 80
"../../../Engine/Content/EngineMaterials/EditorBrushMaterial.uasset" 81
"../../../Engine/Content/EngineMaterials/Good64x64TilingNoiseHighFreq.uasset" 82
"../../../Engine/Content/EngineMaterials/MiniFont.uasset" 83
"../../../Engine/Content/EngineMaterials/InvalidLightmapSettings.uasset" 84
"../../../Engine/Content/EngineMaterials/M_InvalidLightmapSettings.uasset" 85
"../../../Engine/Content/EngineMaterials/PhAT_JointLimitMaterial.uasset" 86
"../../../Engine/Content/EngineMaterials/PreintegratedSkinBRDF.uasset" 87
"../../../Engine/Content/EngineMaterials/RemoveSurfaceMaterial.uasset" 88
"../../../Engine/Content/EngineMaterials/WeightMapPlaceholderTexture.uasset" 89
"../../../Engine/Content/EngineResources/WhiteSquareTexture.uasset" 90
"../../../Engine/Content/EngineMaterials/Widget3DPassThrough.uasset" 91
"../../../Engine/Content/EngineMaterials/Widget3DPassThrough_Masked.uasset" 92
"../../../Engine/Content/EngineMaterials/Widget3DPassThrough_Opaque.uasset" 93
"../../../Engine/Content/EngineMaterials/Widget3DPassThrough_Masked_OneSided.uasset" 94
"../../../Engine/Content/EngineMaterials/Widget3DPassThrough_Opaque_OneSided.uasset" 95
"../../../Engine/Content/EngineMaterials/Widget3DPassThrough_Translucent.uasset" 96
"../../../Engine/Content/EngineMaterials/Widget3DPassThrough_Translucent_OneSided.uasset" 97
"../../../Engine/Content/EngineMeshes/Cube.uasset" 98
"../../../Engine/Content/EngineMeshes/Cylinder.uasset" 99
"../../../Engine/Content/EngineMeshes/Sphere.uasset" 100
"../../../Engine/Content/EngineResources/DefaultTexture.uasset" 101
"../../../Engine/Content/EngineResources/DefaultTextureCube.uasset" 102
"../../../Engine/Content/EngineResources/GradientTexture0.uasset" 103
"../../../Engine/Content/EngineSounds/Master.uasset" 104
"../../../Engine/Content/Functions/Engine_MaterialFunctions01/Shading/ConvertFromDiffSpec.uasset" 105
"../../../Engine/Content/Functions/Engine_MaterialFunctions01/Shading/PowerToRoughness.uasset" 106
"../../../Engine/Content/Maps/Templates/Thumbnails/Default.uasset" 107
"../../../Engine/Content/Maps/Templates/Thumbnails/VR-Basic.uasset" 108
"../../../Engine/Content/MobileResources/T_MobileControls_texture.uasset" 109
"../../../Engine/Content/MobileResources/T_MobileMenu2.uasset" 110
"../../../Engine/Content/MobileResources/HUD/AnalogHat.uasset" 111
"../../../Engine/Content/MobileResources/HUD/VirtualJoystick_Background.uasset" 112
"../../../Engine/Content/MobileResources/HUD/VirtualJoystick_Thumb.uasset" 113
"../../../Engine/Content/MobileResources/HUD/DefaultVirtualJoysticks.uasset" 114
"../../../Engine/Content/MobileResources/HUD/LeftVirtualJoystickOnly.uasset" 115
"../../../Engine/Content/MobileResources/HUD/MobileHUDButton1_off.uasset" 116
"../../../Engine/Content/MobileResources/HUD/MobileHUDButton1_on.uasset" 117
"../../../Engine/Content/MobileResources/HUD/MobileHUDButton2_off.uasset" 118
"../../../Engine/Content/MobileResources/HUD/MobileHUDButton2_on.uasset" 119
"../../../Engine/Content/MobileResources/HUD/MobileHUDButton3.uasset" 120
"../../../Engine/Content/MobileResources/HUD/MobileHUDButtonFire.uasset" 121
"../../../Engine/Content/MobileResources/HUD/MobileHUDDirectionPad.uasset" 122
"../../../Engine/Content/MobileResources/HUD/MobileHUDDirectionPad2.uasset" 123
"../../../Engine/Content/MobileResources/HUD/MobileHUDDirectionPad3.uasset" 124
"../../../Engine/Content/MobileResources/HUD/MobileHUDDirectionStick.uasset" 125
"../../../Engine/Content/MobileResources/HUD/T_Castle_ThumbstickInner.uasset" 126
"../../../Engine/Content/MobileResources/HUD/T_Castle_ThumbstickOutter.uasset" 127
"../../../Engine/Content/Tutorial/ContentIntroCurve.uasset" 128
"../../../Engine/Content/Tutorial/Basics/TutorialAssets/icon_tab_Levels_40x.uasset" 129
"../../../Engine/Content/Tutorial/BlueprintTutorials/TutorialAssets/BlueprintInterface_64x.uasset" 130
"../../../Engine/Content/Tutorial/BlueprintTutorials/TutorialAssets/BlueprintMacroLibrary_64x.uasset" 131
"../../../Engine/Content/Tutorial/BlueprintTutorials/TutorialAssets/Blueprint_64x.uasset" 132
"../../../Engine/Content/Tutorial/BlueprintTutorials/TutorialAssets/Tutorial_BP_Interface.uasset" 133
"../../../Engine/Content/Tutorial/Foliage/TutorialAssets/Foliage.uasset" 134
"../../../Engine/Content/Tutorial/Landscape/TutorialAssets/Landscape.uasset" 135
"../../../Engine/Content/Tutorial/Mobile/TutorialAssets/android_Icon.uasset" 136
"../../../Engine/Content/Tutorial/Paper2D/TutorialAssets/Paper2DFlipbook_TutorialIcon.uasset" 137
"../../../Engine/Content/Tutorial/Paper2D/TutorialAssets/Paper2DSprite_TutorialIcon.uasset" 138
"../../../Engine/Content/Tutorial/SubEditors/TutorialAssets/icon_Editor_Preferences_General_40x.uasset" 139
"../../../Engine/Content/Tutorial/SubEditors/TutorialAssets/icon_ShowSkeletalMeshes_40x.uasset" 140
"../../../Engine/Content/Tutorial/SubEditors/TutorialAssets/TutorialMaterial.uasset" 141
"../../../Engine/Content/Tutorial/SubEditors/TutorialAssets/T_SmokeSubUV_8X8.uasset" 142
"../../../Engine/Content/Tutorial/SubEditors/TutorialAssets/T_soft_smoke.uasset" 143
"../../../Engine/Content/Tutorial/SubEditors/TutorialAssets/M_smoke_subUV_blackbody.uasset" 144
"../../../Engine/Content/Tutorial/SubEditors/TutorialAssets/TutorialParticleSystem.uasset" 145
"../../../Engine/Content/EditorMeshes/EditorCube.uasset" 146
"../../../Engine/Content/Tutorial/SubEditors/TutorialAssets/Tutorial_DM.uasset" 147
"../../../Engine/Content/VREditor/Devices/Generic/GenericHMDMaterial.uasset" 148
"../../../Engine/Content/VREditor/Devices/Generic/GenericHMD.uasset" 149
"../../../Engine/Content/VREditor/FloatingText/LineMaterial.uasset" 150
"../../../Engine/Content/VREditor/FloatingText/JointSphere.uasset" 151
"../../../Engine/Content/VREditor/FloatingText/LineSegmentCylinder.uasset" 152
"../../../Engine/Content/VREditor/Fonts/VRText_RobotoLarge.uasset" 153
"../../../Engine/Content/VREditor/Fonts/VRTextMaterial.uasset" 154
"../../../Engine/Content/VREditor/Fonts/TranslucentVRTextMaterial.uasset" 155
"../../../Engine/Content/VREditor/LaserPointer/VR_LaserPower_01.uasset" 156
"../../../Engine/Content/VREditor/LaserPointer/LaserPointerMaterial.uasset" 157
"../../../Engine/Content/VREditor/LaserPointer/LaserPointerMaterialInst.uasset" 158
"../../../Engine/Content/VREditor/LaserPointer/TranslucentLaserPointerMaterialInst.uasset" 159
"../../../Engine/Content/VREditor/LaserPointer/LaserPointerMesh.uasset" 160
"../../../Engine/Content/VREditor/Sounds/VR_grab_Cue.uasset" 161
"../../../Engine/Content/VREditor/Sounds/VR_teleport_Cue.uasset" 162
"../../../Engine/Content/VREditor/TransformGizmo/TransformGizmoMaterial.uasset" 163
"../../../Engine/Content/VREditor/TransformGizmo/TranslucentTransformGizmoMaterial.uasset" 164
"../../../Engine/Content/VREditor/TransformGizmo/BoundingBoxCorner.uasset" 165
"../../../Engine/Content/VREditor/TransformGizmo/BoundingBoxEdge.uasset" 166
"../../../Engine/Content/VREditor/TransformGizmo/PlaneTranslationHandle.uasset" 167
"../../../Engine/Content/VREditor/TransformGizmo/RotationHandle.uasset" 168
"../../../Engine/Content/VREditor/TransformGizmo/RotationHandleFull.uasset" 169
"../../../Engine/Content/VREditor/TransformGizmo/StretchingHandle.uasset" 170
"../../../Engine/Content/VREditor/TransformGizmo/TranslateHandleLong.uasset" 171
"../../../Engine/Content/VREditor/TransformGizmo/TranslationHandle.uasset" 172
"../../../Engine/Content/VREditor/TransformGizmo/UniformScaleHandle.uasset" 173
"../../../Engine/Content/VREditor/UI/CloseButtonMesh.uasset" 174
"../../../Engine/Content/VREditor/UI/SelectionBarMesh.uasset" 175
"../../../Engine/Content/Functions/Engine_MaterialFunctions01/Gradient/RadialGradient.uasset" 176
"../../../Engine/Content/VREditor/WorldMovementGrid/SimpleGrid.uasset" 177
"../../../Engine/Content/VREditor/WorldMovementGrid/GridMaterial.uasset" 178
"../../../Engine/Content/Functions/Engine_MaterialFunctions01/Density/ExponentialDensity.uasset" 179
"../../../Engine/Content/VREditor/WorldMovementGrid/GridPostProcess.uasset" 180
"../../../Engine/Content/EditorLandscapeResources/FlattenHeightMat.uasset" 181
"../../../Engine/Content/VREditor/WorldMovementGrid/PlaneMesh.uasset" 182
"../../../Cheessy/Content/Blueprints/GameMode/AntiCheatInstance.uasset" 183
"../../../Engine/Content/EngineResources/Black.uasset" 184
"../../../Cheessy/Content/InfinityBladeEffects/Effects/Masters/M_Add_Sprite_Master_DepthFade.uasset" 185
"../../../Cheessy/Content/InfinityBladeEffects/Effects/FX_Textures/Gradient/T_starFlare_01.uasset" 186
"../../../Cheessy/Content/InfinityBladeEffects/Effects/FX_Materials/Gradient/M_Flare_01_INST.uasset" 187
"../../../Cheessy/Content/InfinityBladeEffects/Effects/FX_Textures/Gradient/T_SoftFallOff.uasset" 188
"../../../Cheessy/Content/InfinityBladeEffects/Effects/FX_Materials/Gradient/M_Flare_03_INST.uasset" 189
"../../../Cheessy/Content/InfinityBladeEffects/Effects/Masters/M_Add_Sprite_Master.uasset" 190
"../../../Cheessy/Content/InfinityBladeEffects/Effects/FX_Textures/Gradient/T_GlowNoise_Circular_02.uasset" 191
"../../../Cheessy/Content/InfinityBladeEffects/Effects/FX_Materials/Gradient/M_Flare_Noise_01_Inst.uasset" 192
"../../../Cheessy/Content/InfinityBladeEffects/Effects/FX_Textures/Gradient/T_AuraCircle_TileHoriz.uasset" 193
"../../../Cheessy/Content/InfinityBladeEffects/Effects/FX_Materials/Mobile/M_AuraCircle.uasset" 194
"../../../Cheessy/Content/InfinityBladeEffects/Effects/FX_Meshes/IB/SM_Debris_Box_RadialHalf.uasset" 195
"../../../Cheessy/Content/InfinityBladeEffects/Effects/FX_Meshes/Skills/SM_AuraCircle.uasset" 196
"../../../Engine/Plugins/2D/Paper2D/Content/DummySprite.uasset" 197
"../../../Engine/Plugins/2D/Paper2D/Content/DefaultPaperTerrainMaterial.uasset" 198
"../../../Engine/Plugins/2D/Paper2D/Content/DefaultSpriteMaterial.uasset" 199
"../../../Engine/Plugins/2D/Paper2D/Content/MaskedUnlitSpriteMaterial.uasset" 200
"../../../Engine/Plugins/2D/Paper2D/Content/OpaqueUnlitSpriteMaterial.uasset" 201
"../../../Engine/Plugins/2D/Paper2D/Content/PlaceholderTextures/DummySpriteTexture.uasset" 202
"../../../Cheessy/Content/Blueprints/GameMode/NewGameMode.uasset" 203
"../../../Engine/Content/EditorBlueprintResources/StandardMacros.uasset" 204
"../../../Cheessy/Content/Blueprints/GameMode/MainMenu.uasset" 205
"../../../Cheessy/Content/Blueprints/MainMenu.umap" 206
"../../../Cheessy/Content/ChessPieces/GTFreeMaterials/Textures/Concrete_FlatSurface/Concrete_FlatSurface_2k_alb.uasset" 207
"../../../Cheessy/Content/ChessPieces/GTFreeMaterials/Textures/Concrete_FlatSurface/Concrete_FlatSurface_2k_n.uasset" 208
"../../../Cheessy/Content/ChessPieces/GTFreeMaterials/Textures/Concrete_Square/Concrete_Square_2k_ao.uasset" 209
"../../../Cheessy/Content/ChessPieces/GTFreeMaterials/Textures/Concrete_Square/Concrete_Square_2k_h.uasset" 210
"../../../Cheessy/Content/ChessPieces/GTFreeMaterials/Textures/T_MacroVariation2.uasset" 211
"../../../Cheessy/Content/ChessPieces/GTFreeMaterials/Textures/wood_JFfantasyWoodPlanksNailedClean/wood_JFfantasyWoodPlanksNailedClean_2k_mask.uasset" 212
"../../../Cheessy/Content/ChessPieces/GTFreeMaterials/Materials/MasterMaterial.uasset" 213
"../../../Cheessy/Content/ChessPieces/GTFreeMaterials/Materials/Black_Mat.uasset" 214
"../../../Cheessy/Content/ChessPieces/GTFreeMaterials/Materials/White_Mat.uasset" 215
"../../../Cheessy/Content/Blueprints/GameMode/EndGame.uasset" 216
"../../../Cheessy/Content/ChessPieces/LowPolySet/Bishop.uasset" 217
"../../../Cheessy/Content/ChessPieces/LowPolySet/Horse.uasset" 218
"../../../Cheessy/Content/ChessPieces/LowPolySet/King.uasset" 219
"../../../Cheessy/Content/ChessPieces/LowPolySet/Pawn.uasset" 220
"../../../Cheessy/Content/ChessPieces/LowPolySet/Queen.uasset" 221
"../../../Cheessy/Content/ChessPieces/LowPolySet/Rook.uasset" 222
"../../../Cheessy/Content/Explosions/Textures/smoothNormalSphere.uasset" 223
"../../../Cheessy/Content/Explosions/Textures/water_n.uasset" 224
"../../../Cheessy/Content/Explosions/Mats/Distortion2.uasset" 225
"../../../Engine/Content/Functions/Engine_MaterialFunctions01/ImageAdjustment/DeriveHDRfromLDR.uasset" 226
"../../../Cheessy/Content/Explosions/Textures/Noise_cloudsmed.uasset" 227
"../../../Cheessy/Content/Explosions/Mats/Shocktorus.uasset" 228
"../../../Cheessy/Content/Explosions/Mesh/shockdome3.uasset" 229
"../../../Cheessy/Content/Explosions/Particles/P_Distortion3D.uasset" 230
"../../../Cheessy/Content/Explosions/Mats/Shocktorus_r.uasset" 231
"../../../Cheessy/Content/Explosions/Mats/Shocktorus_blue_Inst.uasset" 232
"../../../Cheessy/Content/Explosions/Mesh/shockwavetorus.uasset" 233
"../../../Cheessy/Content/Explosions/Particles/P_shieldwave.uasset" 234
"../../../Cheessy/Content/Explosions/Mats/Shocktorus_red_Inst.uasset" 235
"../../../Cheessy/Content/Explosions/Particles/P_shockwave.uasset" 236
"../../../Cheessy/Content/Explosions/Textures/SquareSpark2.uasset" 237
"../../../Cheessy/Content/Explosions/Mats/ThickSpark_M.uasset" 238
"../../../Cheessy/Content/Explosions/Particles/P_SparksFlair.uasset" 239
"../../../Cheessy/Content/InfinityBladeEffects/Effects/FX_Textures_IB/Glyph/T_IB_Debris_Box.uasset" 240
"../../../Cheessy/Content/InfinityBladeEffects/Effects/FX_Textures_IB/Glyph/T_IB_Debris_Box_E.uasset" 241
"../../../Cheessy/Content/InfinityBladeEffects/Effects/FX_Materials/Glyph/M_IB_Debris_Boxes_Opaque.uasset" 242
"../../../Cheessy/Content/InfinityBladeEffects/Effects/FX_Materials/Glyph/M_IB_Debris_Boxes_Trans.uasset" 243
"../../../Cheessy/Content/InfinityBladeEffects/Effects/FX_Meshes/IB/SM_Debris_Box_RadialFull.uasset" 244
"../../../Cheessy/Content/InfinityBladeEffects/Effects/FX_Combat_Base/WeaponCombo/P_Cube_Mesh_Test.uasset" 245
"../../../Cheessy/Content/Blueprints/GameMode/PiecesParent_BP.uasset" 246
"../../../Engine/Content/EngineSky/C_Sky_Cloud_Color.uasset" 247
"../../../Engine/Content/EngineSky/C_Sky_Horizon_Color.uasset" 248
"../../../Engine/Content/EngineSky/C_Sky_Zenith_Color.uasset" 249
"../../../Engine/Content/EngineSky/T_Sky_Blue.uasset" 250
"../../../Engine/Content/EngineSky/T_Sky_Clouds_M.uasset" 251
"../../../Engine/Content/EngineSky/T_Sky_Stars.uasset" 252
"../../../Engine/Content/EngineSky/M_Sky_Panning_Clouds2.uasset" 253
"../../../Engine/Content/EngineSky/SM_SkySphere.uasset" 254
"../../../Engine/Content/EngineSky/BP_Sky_Sphere.uasset" 255
"../../../Cheessy/Content/Blueprints/GameMode/MyCharacter_BP.uasset" 256
"../../../Cheessy/Content/Blueprints/GameMode/InGameMenu.uasset" 257
"../../../Cheessy/Content/Blueprints/GameMode/MyPlayerController_BP.uasset" 258
"../../../Cheessy/Content/Blueprints/GameMode/MyOnlineGameMode.uasset" 259
"../../../Cheessy/Content/Blueprints/Map1_BuiltData.uasset" 260
"../../../Engine/Content/MapTemplates/SM_Template_Map_Floor.uasset" 261
"../../../Cheessy/Content/Blueprints/Map1.umap" 262
"../../../Engine/Content/Maps/Entry.umap" 263
